<?xml version="1.0" encoding="UTF-8"?>
<testsuite name="com.kodilla.testing.forum.statistics.CalculateTestSuite" tests="6" skipped="0" failures="0" errors="0" timestamp="2018-12-05T20:21:55" hostname="JT-Windows" time="0.195">
  <properties/>
  <testcase name="shouldReturnAveragePostsPerUserGreaterThanAverageCommentsPerUserFor100Users" classname="com.kodilla.testing.forum.statistics.CalculateTestSuite" time="0.187"/>
  <testcase name="shouldReturn1WhenUsersAre100AndPostsAre1000" classname="com.kodilla.testing.forum.statistics.CalculateTestSuite" time="0.001"/>
  <testcase name="shouldReturnAverageCommentsPerUserGreaterThanAveragePostsPerUserFor100Users" classname="com.kodilla.testing.forum.statistics.CalculateTestSuite" time="0.002"/>
  <testcase name="shouldThrowArithmeticExceptionWhenNumberOfPostsAre0" classname="com.kodilla.testing.forum.statistics.CalculateTestSuite" time="0.001"/>
  <testcase name="shouldThrowArithmeticExceptionWhenNumberOfUserIs0" classname="com.kodilla.testing.forum.statistics.CalculateTestSuite" time="0.001"/>
  <testcase name="shouldReturn1ForCommentsStatsWhenUsersAre100AndPostsAre1000AndCommentsAre0" classname="com.kodilla.testing.forum.statistics.CalculateTestSuite" time="0.001"/>
  <system-out><![CDATA[]]></system-out>
  <system-err><![CDATA[]]></system-err>
</testsuite>
