<?xml version="1.0" encoding="UTF-8"?>
<testsuite name="com.kodilla.testing.collection.CollectionTestSuite" tests="2" skipped="0" failures="0" errors="0" timestamp="2018-12-05T20:21:55" hostname="JT-Windows" time="0.011">
  <properties/>
  <testcase name="testOddNumbersExterminatorEmptyList" classname="com.kodilla.testing.collection.CollectionTestSuite" time="0.009"/>
  <testcase name="testOddNumbersExterminatorNormalList" classname="com.kodilla.testing.collection.CollectionTestSuite" time="0.002"/>
  <system-out><![CDATA[Test Case: start
Testing method: testOddNumbersExterminatorEmptyList
Test Case: end
 
Test Case: start
Testing method: testOddNumbersExterminatorNormalList
Test Case: end
 
]]></system-out>
  <system-err><![CDATA[]]></system-err>
</testsuite>
